app/build/outputs/mapping/debug/mapping.txt
# compiler: R8
# compiler_version: 1.4.77
# min_api: 21
com.guoshi.jjt.DataBinderMapperImpl -> com.guoshi.jjt.DataBinderMapperImpl:
    android.util.SparseIntArray INTERNAL_LAYOUT_ID_LOOKUP -> a
    19:22:void <clinit>() -> <clinit>
    18:18:void <init>() -> <init>
    70:78:java.util.List collectDependencies() -> collectDependencies
    64:65:java.lang.String convertBrIdToString(int) -> convertBrIdToString
    26:33:android.databinding.ViewDataBinding getDataBinder(android.databinding.DataBindingComponent,android.view.View,int) -> getDataBinder
    38:39:android.databinding.ViewDataBinding getDataBinder(android.databinding.DataBindingComponent,android.view.View[],int) -> getDataBinder
    55:59:int getLayoutId(java.lang.String) -> getLayoutId
com.guoshi.jjt.DataBinderMapperImpl$InnerBrLookup -> com.guoshi.jjt.DataBinderMapperImpl$a:
    android.util.SparseArray sKeys -> a
    82:97:void <clinit>() -> <clinit>
com.guoshi.jjt.DataBinderMapperImpl$InnerLayoutIdLookup -> com.guoshi.jjt.DataBinderMapperImpl$b:
    java.util.HashMap sKeys -> a
    101:104:void <clinit>() -> <clinit>
com.guoshi.jjt.R -> com.guoshi.jjt.R:
    10:10:void <init>() -> <init>
com.guoshi.jjt.R$anim -> com.guoshi.jjt.R$anim:
    11:11:void <init>() -> <init>
com.guoshi.jjt.R$animator -> com.guoshi.jjt.R$animator:
    33:33:void <init>() -> <init>
com.guoshi.jjt.R$array -> com.guoshi.jjt.R$array:
    45:45:void <init>() -> <init>
com.guoshi.jjt.R$attr -> com.guoshi.jjt.R$attr:
    73:73:void <init>() -> <init>
com.guoshi.jjt.R$bool -> com.guoshi.jjt.R$bool:
    4901:4901:void <init>() -> <init>
com.guoshi.jjt.R$color -> com.guoshi.jjt.R$color:
    4907:4907:void <init>() -> <init>
com.guoshi.jjt.R$dimen -> com.guoshi.jjt.R$dimen:
    5196:5196:void <init>() -> <init>
com.guoshi.jjt.R$drawable -> com.guoshi.jjt.R$drawable:
    5417:5417:void <init>() -> <init>
com.guoshi.jjt.R$id -> com.guoshi.jjt.R$id:
    5616:5616:void <init>() -> <init>
com.guoshi.jjt.R$integer -> com.guoshi.jjt.R$integer:
    5941:5941:void <init>() -> <init>
com.guoshi.jjt.R$interpolator -> com.guoshi.jjt.R$interpolator:
    5958:5958:void <init>() -> <init>
com.guoshi.jjt.R$layout -> com.guoshi.jjt.R$layout:
    5964:5964:void <init>() -> <init>
com.guoshi.jjt.R$menu -> com.guoshi.jjt.R$menu:
    6061:6061:void <init>() -> <init>
com.guoshi.jjt.R$mipmap -> com.guoshi.jjt.R$mipmap:
    6064:6064:void <init>() -> <init>
com.guoshi.jjt.R$string -> com.guoshi.jjt.R$string:
    6103:6103:void <init>() -> <init>
com.guoshi.jjt.R$style -> com.guoshi.jjt.R$style:
    6387:6387:void <init>() -> <init>
com.guoshi.jjt.R$styleable -> com.guoshi.jjt.R$styleable:
    6961:22257:void <clinit>() -> <clinit>
    6893:6893:void <init>() -> <init>
com.guoshi.jjt.R$xml -> com.guoshi.jjt.R$xml:
    22307:22307:void <init>() -> <init>
...
android.arch.lifecycle.LiveData$ObserverWrapper -> android.arch.lifecycle.LiveData$b:
    android.arch.lifecycle.LiveData this$0 -> d
    android.arch.lifecycle.Observer mObserver -> a
    boolean mActive -> b
    int mLastVersion -> c
    387:389:void <init>(android.arch.lifecycle.LiveData,android.arch.lifecycle.Observer) -> <init>
    394:394:boolean isAttachedTo(android.arch.lifecycle.LifecycleOwner) -> a
    398:398:void detachObserver() -> a
    401:418:void activeStateChanged(boolean) -> a
    boolean shouldBeActive() -> b
android.arch.lifecycle.MethodCallsLogger -> a.a.b.l:
    java.util.Map mCalledMethods -> a
    28:29:void <init>() -> <init>
android.arch.lifecycle.MutableLiveData -> a.a.b.m:
    25:25:void <init>() -> <init>
    28:29:void postValue(java.lang.Object) -> postValue
    33:34:void setValue(java.lang.Object) -> setValue
android.arch.lifecycle.Observer -> a.a.b.n:
android.arch.lifecycle.OnLifecycleEvent -> a.a.b.o:
android.arch.lifecycle.R -> android.arch.lifecycle.R:
    10:10:void <init>() -> <init>
android.arch.lifecycle.ReflectiveGenericLifecycleObserver -> android.arch.lifecycle.ReflectiveGenericLifecycleObserver:
    android.arch.lifecycle.ClassesInfoCache$CallbackInfo mInfo -> b
    java.lang.Object mWrapped -> a
    29:32:void <init>(java.lang.Object) -> <init>
    36:37:void onStateChanged(android.arch.lifecycle.LifecycleOwner,android.arch.lifecycle.Lifecycle$Event) -> a
android.arch.lifecycle.ReportFragment -> a.a.b.p:
    android.arch.lifecycle.ReportFragment$ActivityInitializationListener mProcessListener -> a
    30:130:void <init>() -> <init>
    37:43:void injectIfNeededIn(android.app.Activity) -> a
    53:56:void dispatchCreate(android.arch.lifecycle.ReportFragment$ActivityInitializationListener) -> a
    112:124:void dispatch(android.arch.lifecycle.Lifecycle$Event) -> a
    65:68:void dispatchResume(android.arch.lifecycle.ReportFragment$ActivityInitializationListener) -> b
    59:62:void dispatchStart(android.arch.lifecycle.ReportFragment$ActivityInitializationListener) -> c
    72:75:void onActivityCreated(android.os.Bundle) -> onActivityCreated
    105:109:void onDestroy() -> onDestroy
    93:95:void onPause() -> onPause
    86:89:void onResume() -> onResume
    79:82:void onStart() -> onStart
    99:101:void onStop() -> onStop
android.arch.lifecycle.ReportFragment$ActivityInitializationListener -> a.a.b.p$a:
    void onResume() -> a
android.arch.lifecycle.SingleGeneratedAdapterObserver -> android.arch.lifecycle.SingleGeneratedAdapterObserver:
    android.arch.lifecycle.GeneratedAdapter mGeneratedAdapter -> a
    29:31:void <init>(android.arch.lifecycle.GeneratedAdapter) -> <init>
    35:37:void onStateChanged(android.arch.lifecycle.LifecycleOwner,android.arch.lifecycle.Lifecycle$Event) -> a
android.arch.lifecycle.ViewModel -> a.a.b.q:
    96:96:void <init>() -> <init>
    105:105:void onCleared() -> onCleared
android.arch.lifecycle.ViewModelProvider -> a.a.b.r:
    android.arch.lifecycle.ViewModelStore mViewModelStore -> b
    android.arch.lifecycle.ViewModelProvider$Factory mFactory -> a
    77:80:void <init>(android.arch.lifecycle.ViewModelStore,android.arch.lifecycle.ViewModelProvider$Factory) -> <init>
    98:100:android.arch.lifecycle.ViewModel get(java.lang.Class) -> a
    122:137:android.arch.lifecycle.ViewModel get(java.lang.String,java.lang.Class) -> a
android.arch.lifecycle.ViewModelProvider$Factory -> a.a.b.r$a:
android.arch.lifecycle.ViewModelStore -> a.a.b.s:
    java.util.HashMap mMap -> a
    36:38:void <init>() -> <init>
    41:45:void put(java.lang.String,android.arch.lifecycle.ViewModel) -> a
    48:48:android.arch.lifecycle.ViewModel get(java.lang.String) -> a
    55:59:void clear() -> a
android.arch.lifecycle.ViewModelStoreOwner -> a.a.b.t:
android.arch.lifecycle.livedata.R -> android.arch.lifecycle.livedata.R:
    10:10:void <init>() -> <init>
android.arch.lifecycle.livedata.core.R -> android.arch.lifecycle.livedata.core.R:
    10:10:void <init>() -> <init>